<?xml version="1.0" encoding="UTF-8"?>
<!-- Generated by org.testng.reporters.JUnitReportReporter -->
<testsuite skipped="0" hostname="TL-HEN-ICTS-01" name="com.amazon.AppTest" tests="1" failures="0" timestamp="21 Dec 2021 23:31:47 GMT" time="0.010" errors="0">
  <testcase name="shouldAnswerWithTrue" time="0.010" classname="com.amazon.AppTest"/>
</testsuite> <!-- com.amazon.AppTest -->
